INFO - 2025-01-21 11:16:45 --> Session: Class initialized using 'CodeIgniter\Session\Handlers\FileHandler' driver.
INFO - 2025-01-21 11:16:47 --> Session: Class initialized using 'CodeIgniter\Session\Handlers\FileHandler' driver.
INFO - 2025-01-21 11:16:47 --> Session: Class initialized using 'CodeIgniter\Session\Handlers\FileHandler' driver.
INFO - 2025-01-21 11:17:49 --> Session: Class initialized using 'CodeIgniter\Session\Handlers\FileHandler' driver.
INFO - 2025-01-21 11:18:00 --> Session: Class initialized using 'CodeIgniter\Session\Handlers\FileHandler' driver.
INFO - 2025-01-21 11:18:00 --> Session: Class initialized using 'CodeIgniter\Session\Handlers\FileHandler' driver.
INFO - 2025-01-21 11:18:01 --> Session: Class initialized using 'CodeIgniter\Session\Handlers\FileHandler' driver.
INFO - 2025-01-21 11:18:01 --> Session: Class initialized using 'CodeIgniter\Session\Handlers\FileHandler' driver.
INFO - 2025-01-21 11:18:01 --> Session: Class initialized using 'CodeIgniter\Session\Handlers\FileHandler' driver.
INFO - 2025-01-21 11:18:01 --> Session: Class initialized using 'CodeIgniter\Session\Handlers\FileHandler' driver.
INFO - 2025-01-21 11:18:01 --> Session: Class initialized using 'CodeIgniter\Session\Handlers\FileHandler' driver.
INFO - 2025-01-21 11:18:01 --> Session: Class initialized using 'CodeIgniter\Session\Handlers\FileHandler' driver.
INFO - 2025-01-21 11:18:04 --> Session: Class initialized using 'CodeIgniter\Session\Handlers\FileHandler' driver.
INFO - 2025-01-21 11:18:04 --> Session: Class initialized using 'CodeIgniter\Session\Handlers\FileHandler' driver.
INFO - 2025-01-21 11:18:06 --> Session: Class initialized using 'CodeIgniter\Session\Handlers\FileHandler' driver.
CRITICAL - 2025-01-21 11:19:19 --> ErrorException: Maximum execution time of 120 seconds exceeded
[Method: POST, Route: login]
in SYSTEMPATH\Debug\Exceptions.php on line 209.
 1 [internal function]: CodeIgniter\Debug\Exceptions->shutdownHandler()
ERROR - 2025-01-21 11:19:20 --> Error connecting to the database: ErrorException: mysqli::real_connect(): Error while reading greeting packet. PID=12804 in C:\xampp\htdocs\projetointegrador-teste\system\Database\MySQLi\Connection.php:186
Stack trace:
#0 [internal function]: CodeIgniter\Debug\Exceptions->errorHandler(2, 'mysqli::real_co...', 'C:\\xampp\\htdocs...', 186)
#1 C:\xampp\htdocs\projetointegrador-teste\system\Database\MySQLi\Connection.php(186): mysqli->real_connect('localhost', 'root', Object(SensitiveParameterValue), 'reale_gelato', 3308, '', 0)
#2 C:\xampp\htdocs\projetointegrador-teste\system\Database\BaseConnection.php(421): CodeIgniter\Database\MySQLi\Connection->connect(false)
#3 C:\xampp\htdocs\projetointegrador-teste\system\Database\BaseConnection.php(616): CodeIgniter\Database\BaseConnection->initialize()
#4 C:\xampp\htdocs\projetointegrador-teste\system\Database\BaseBuilder.php(1644): CodeIgniter\Database\BaseConnection->query('SELECT `IdUsuar...', Array, false)
#5 C:\xampp\htdocs\projetointegrador-teste\system\Model.php(330): CodeIgniter\Database\BaseBuilder->get()
#6 C:\xampp\htdocs\projetointegrador-teste\system\BaseModel.php(714): CodeIgniter\Model->doFirst()
#7 C:\xampp\htdocs\projetointegrador-teste\app\Controllers\Usuario.php(76): CodeIgniter\BaseModel->first()
#8 C:\xampp\htdocs\projetointegrador-teste\system\CodeIgniter.php(933): App\Controllers\Usuario->entrar()
#9 C:\xampp\htdocs\projetointegrador-teste\system\CodeIgniter.php(509): CodeIgniter\CodeIgniter->runController(Object(App\Controllers\Usuario))
#10 C:\xampp\htdocs\projetointegrador-teste\system\CodeIgniter.php(355): CodeIgniter\CodeIgniter->handleRequest(NULL, Object(Config\Cache), false)
#11 C:\xampp\htdocs\projetointegrador-teste\system\Boot.php(325): CodeIgniter\CodeIgniter->run()
#12 C:\xampp\htdocs\projetointegrador-teste\system\Boot.php(67): CodeIgniter\Boot::runCodeIgniter(Object(CodeIgniter\CodeIgniter))
#13 C:\xampp\htdocs\projetointegrador-teste\public\index.php(56): CodeIgniter\Boot::bootWeb(Object(Config\Paths))
#14 {main}

Next mysqli_sql_exception: MySQL server has gone away in C:\xampp\htdocs\projetointegrador-teste\system\Database\MySQLi\Connection.php:186
Stack trace:
#0 C:\xampp\htdocs\projetointegrador-teste\system\Database\MySQLi\Connection.php(186): mysqli->real_connect('localhost', 'root', Object(SensitiveParameterValue), 'reale_gelato', 3308, '', 0)
#1 C:\xampp\htdocs\projetointegrador-teste\system\Database\BaseConnection.php(421): CodeIgniter\Database\MySQLi\Connection->connect(false)
#2 C:\xampp\htdocs\projetointegrador-teste\system\Database\BaseConnection.php(616): CodeIgniter\Database\BaseConnection->initialize()
#3 C:\xampp\htdocs\projetointegrador-teste\system\Database\BaseBuilder.php(1644): CodeIgniter\Database\BaseConnection->query('SELECT `IdUsuar...', Array, false)
#4 C:\xampp\htdocs\projetointegrador-teste\system\Model.php(330): CodeIgniter\Database\BaseBuilder->get()
#5 C:\xampp\htdocs\projetointegrador-teste\system\BaseModel.php(714): CodeIgniter\Model->doFirst()
#6 C:\xampp\htdocs\projetointegrador-teste\app\Controllers\Usuario.php(76): CodeIgniter\BaseModel->first()
#7 C:\xampp\htdocs\projetointegrador-teste\system\CodeIgniter.php(933): App\Controllers\Usuario->entrar()
#8 C:\xampp\htdocs\projetointegrador-teste\system\CodeIgniter.php(509): CodeIgniter\CodeIgniter->runController(Object(App\Controllers\Usuario))
#9 C:\xampp\htdocs\projetointegrador-teste\system\CodeIgniter.php(355): CodeIgniter\CodeIgniter->handleRequest(NULL, Object(Config\Cache), false)
#10 C:\xampp\htdocs\projetointegrador-teste\system\Boot.php(325): CodeIgniter\CodeIgniter->run()
#11 C:\xampp\htdocs\projetointegrador-teste\system\Boot.php(67): CodeIgniter\Boot::runCodeIgniter(Object(CodeIgniter\CodeIgniter))
#12 C:\xampp\htdocs\projetointegrador-teste\public\index.php(56): CodeIgniter\Boot::bootWeb(Object(Config\Paths))
#13 {main}

Next CodeIgniter\Database\Exceptions\DatabaseException: MySQL server has gone away in C:\xampp\htdocs\projetointegrador-teste\system\Database\MySQLi\Connection.php:231
Stack trace:
#0 C:\xampp\htdocs\projetointegrador-teste\system\Database\BaseConnection.php(421): CodeIgniter\Database\MySQLi\Connection->connect(false)
#1 C:\xampp\htdocs\projetointegrador-teste\system\Database\BaseConnection.php(616): CodeIgniter\Database\BaseConnection->initialize()
#2 C:\xampp\htdocs\projetointegrador-teste\system\Database\BaseBuilder.php(1644): CodeIgniter\Database\BaseConnection->query('SELECT `IdUsuar...', Array, false)
#3 C:\xampp\htdocs\projetointegrador-teste\system\Model.php(330): CodeIgniter\Database\BaseBuilder->get()
#4 C:\xampp\htdocs\projetointegrador-teste\system\BaseModel.php(714): CodeIgniter\Model->doFirst()
#5 C:\xampp\htdocs\projetointegrador-teste\app\Controllers\Usuario.php(76): CodeIgniter\BaseModel->first()
#6 C:\xampp\htdocs\projetointegrador-teste\system\CodeIgniter.php(933): App\Controllers\Usuario->entrar()
#7 C:\xampp\htdocs\projetointegrador-teste\system\CodeIgniter.php(509): CodeIgniter\CodeIgniter->runController(Object(App\Controllers\Usuario))
#8 C:\xampp\htdocs\projetointegrador-teste\system\CodeIgniter.php(355): CodeIgniter\CodeIgniter->handleRequest(NULL, Object(Config\Cache), false)
#9 C:\xampp\htdocs\projetointegrador-teste\system\Boot.php(325): CodeIgniter\CodeIgniter->run()
#10 C:\xampp\htdocs\projetointegrador-teste\system\Boot.php(67): CodeIgniter\Boot::runCodeIgniter(Object(CodeIgniter\CodeIgniter))
#11 C:\xampp\htdocs\projetointegrador-teste\public\index.php(56): CodeIgniter\Boot::bootWeb(Object(Config\Paths))
#12 {main}
ERROR - 2025-01-21 11:19:20 --> Error connecting to the database: ErrorException: mysqli::real_connect(): Error while reading greeting packet. PID=12804 in C:\xampp\htdocs\projetointegrador-teste\system\Database\MySQLi\Connection.php:186
Stack trace:
#0 [internal function]: CodeIgniter\Debug\Exceptions->errorHandler(2, 'mysqli::real_co...', 'C:\\xampp\\htdocs...', 186)
#1 C:\xampp\htdocs\projetointegrador-teste\system\Database\MySQLi\Connection.php(186): mysqli->real_connect('localhost', 'root', Object(SensitiveParameterValue), 'reale_gelato', 3308, '', 0)
#2 C:\xampp\htdocs\projetointegrador-teste\system\Database\BaseConnection.php(421): CodeIgniter\Database\MySQLi\Connection->connect(false)
#3 C:\xampp\htdocs\projetointegrador-teste\system\Database\BaseConnection.php(616): CodeIgniter\Database\BaseConnection->initialize()
#4 C:\xampp\htdocs\projetointegrador-teste\system\Database\BaseBuilder.php(1644): CodeIgniter\Database\BaseConnection->query('SELECT `IdUsuar...', Array, false)
#5 C:\xampp\htdocs\projetointegrador-teste\system\Model.php(330): CodeIgniter\Database\BaseBuilder->get()
#6 C:\xampp\htdocs\projetointegrador-teste\system\BaseModel.php(714): CodeIgniter\Model->doFirst()
#7 C:\xampp\htdocs\projetointegrador-teste\app\Controllers\Usuario.php(76): CodeIgniter\BaseModel->first()
#8 C:\xampp\htdocs\projetointegrador-teste\system\CodeIgniter.php(933): App\Controllers\Usuario->entrar()
#9 C:\xampp\htdocs\projetointegrador-teste\system\CodeIgniter.php(509): CodeIgniter\CodeIgniter->runController(Object(App\Controllers\Usuario))
#10 C:\xampp\htdocs\projetointegrador-teste\system\CodeIgniter.php(355): CodeIgniter\CodeIgniter->handleRequest(NULL, Object(Config\Cache), false)
#11 C:\xampp\htdocs\projetointegrador-teste\system\Boot.php(325): CodeIgniter\CodeIgniter->run()
#12 C:\xampp\htdocs\projetointegrador-teste\system\Boot.php(67): CodeIgniter\Boot::runCodeIgniter(Object(CodeIgniter\CodeIgniter))
#13 C:\xampp\htdocs\projetointegrador-teste\public\index.php(56): CodeIgniter\Boot::bootWeb(Object(Config\Paths))
#14 {main}

Next mysqli_sql_exception: MySQL server has gone away in C:\xampp\htdocs\projetointegrador-teste\system\Database\MySQLi\Connection.php:186
Stack trace:
#0 C:\xampp\htdocs\projetointegrador-teste\system\Database\MySQLi\Connection.php(186): mysqli->real_connect('localhost', 'root', Object(SensitiveParameterValue), 'reale_gelato', 3308, '', 0)
#1 C:\xampp\htdocs\projetointegrador-teste\system\Database\BaseConnection.php(421): CodeIgniter\Database\MySQLi\Connection->connect(false)
#2 C:\xampp\htdocs\projetointegrador-teste\system\Database\BaseConnection.php(616): CodeIgniter\Database\BaseConnection->initialize()
#3 C:\xampp\htdocs\projetointegrador-teste\system\Database\BaseBuilder.php(1644): CodeIgniter\Database\BaseConnection->query('SELECT `IdUsuar...', Array, false)
#4 C:\xampp\htdocs\projetointegrador-teste\system\Model.php(330): CodeIgniter\Database\BaseBuilder->get()
#5 C:\xampp\htdocs\projetointegrador-teste\system\BaseModel.php(714): CodeIgniter\Model->doFirst()
#6 C:\xampp\htdocs\projetointegrador-teste\app\Controllers\Usuario.php(76): CodeIgniter\BaseModel->first()
#7 C:\xampp\htdocs\projetointegrador-teste\system\CodeIgniter.php(933): App\Controllers\Usuario->entrar()
#8 C:\xampp\htdocs\projetointegrador-teste\system\CodeIgniter.php(509): CodeIgniter\CodeIgniter->runController(Object(App\Controllers\Usuario))
#9 C:\xampp\htdocs\projetointegrador-teste\system\CodeIgniter.php(355): CodeIgniter\CodeIgniter->handleRequest(NULL, Object(Config\Cache), false)
#10 C:\xampp\htdocs\projetointegrador-teste\system\Boot.php(325): CodeIgniter\CodeIgniter->run()
#11 C:\xampp\htdocs\projetointegrador-teste\system\Boot.php(67): CodeIgniter\Boot::runCodeIgniter(Object(CodeIgniter\CodeIgniter))
#12 C:\xampp\htdocs\projetointegrador-teste\public\index.php(56): CodeIgniter\Boot::bootWeb(Object(Config\Paths))
#13 {main}

Next CodeIgniter\Database\Exceptions\DatabaseException: MySQL server has gone away in C:\xampp\htdocs\projetointegrador-teste\system\Database\MySQLi\Connection.php:231
Stack trace:
#0 C:\xampp\htdocs\projetointegrador-teste\system\Database\BaseConnection.php(421): CodeIgniter\Database\MySQLi\Connection->connect(false)
#1 C:\xampp\htdocs\projetointegrador-teste\system\Database\BaseConnection.php(616): CodeIgniter\Database\BaseConnection->initialize()
#2 C:\xampp\htdocs\projetointegrador-teste\system\Database\BaseBuilder.php(1644): CodeIgniter\Database\BaseConnection->query('SELECT `IdUsuar...', Array, false)
#3 C:\xampp\htdocs\projetointegrador-teste\system\Model.php(330): CodeIgniter\Database\BaseBuilder->get()
#4 C:\xampp\htdocs\projetointegrador-teste\system\BaseModel.php(714): CodeIgniter\Model->doFirst()
#5 C:\xampp\htdocs\projetointegrador-teste\app\Controllers\Usuario.php(76): CodeIgniter\BaseModel->first()
#6 C:\xampp\htdocs\projetointegrador-teste\system\CodeIgniter.php(933): App\Controllers\Usuario->entrar()
#7 C:\xampp\htdocs\projetointegrador-teste\system\CodeIgniter.php(509): CodeIgniter\CodeIgniter->runController(Object(App\Controllers\Usuario))
#8 C:\xampp\htdocs\projetointegrador-teste\system\CodeIgniter.php(355): CodeIgniter\CodeIgniter->handleRequest(NULL, Object(Config\Cache), false)
#9 C:\xampp\htdocs\projetointegrador-teste\system\Boot.php(325): CodeIgniter\CodeIgniter->run()
#10 C:\xampp\htdocs\projetointegrador-teste\system\Boot.php(67): CodeIgniter\Boot::runCodeIgniter(Object(CodeIgniter\CodeIgniter))
#11 C:\xampp\htdocs\projetointegrador-teste\public\index.php(56): CodeIgniter\Boot::bootWeb(Object(Config\Paths))
#12 {main}
CRITICAL - 2025-01-21 11:19:20 --> CodeIgniter\Database\Exceptions\DatabaseException: Unable to connect to the database.
Main connection [MySQLi]: MySQL server has gone away
[Method: POST, Route: login]
in SYSTEMPATH\Database\BaseConnection.php on line 467.
 1 SYSTEMPATH\Database\BaseConnection.php(616): CodeIgniter\Database\BaseConnection->initialize()
 2 SYSTEMPATH\Database\BaseBuilder.php(1644): CodeIgniter\Database\BaseConnection->query('SELECT `IdUsuario`, `nome`, `email`, `senha`, `telefone`
FROM `clienteusuario`
WHERE `email` = :email:
 LIMIT 1', [...], false)
 3 SYSTEMPATH\Model.php(330): CodeIgniter\Database\BaseBuilder->get()
 4 SYSTEMPATH\BaseModel.php(714): CodeIgniter\Model->doFirst()
 5 APPPATH\Controllers\Usuario.php(76): CodeIgniter\BaseModel->first()
 6 SYSTEMPATH\CodeIgniter.php(933): App\Controllers\Usuario->entrar()
 7 SYSTEMPATH\CodeIgniter.php(509): CodeIgniter\CodeIgniter->runController(Object(App\Controllers\Usuario))
 8 SYSTEMPATH\CodeIgniter.php(355): CodeIgniter\CodeIgniter->handleRequest(null, Object(Config\Cache), false)
 9 SYSTEMPATH\Boot.php(325): CodeIgniter\CodeIgniter->run()
10 SYSTEMPATH\Boot.php(67): CodeIgniter\Boot::runCodeIgniter(Object(CodeIgniter\CodeIgniter))
11 FCPATH\index.php(56): CodeIgniter\Boot::bootWeb(Object(Config\Paths))
CRITICAL - 2025-01-21 11:19:20 --> CodeIgniter\Database\Exceptions\DatabaseException: Unable to connect to the database.
Main connection [MySQLi]: MySQL server has gone away
[Method: POST, Route: login]
in SYSTEMPATH\Database\BaseConnection.php on line 467.
 1 SYSTEMPATH\Database\BaseConnection.php(616): CodeIgniter\Database\BaseConnection->initialize()
 2 SYSTEMPATH\Database\BaseBuilder.php(1644): CodeIgniter\Database\BaseConnection->query('SELECT `IdUsuario`, `nome`, `email`, `senha`, `telefone`
FROM `clienteusuario`
WHERE `email` = :email:
 LIMIT 1', [...], false)
 3 SYSTEMPATH\Model.php(330): CodeIgniter\Database\BaseBuilder->get()
 4 SYSTEMPATH\BaseModel.php(714): CodeIgniter\Model->doFirst()
 5 APPPATH\Controllers\Usuario.php(76): CodeIgniter\BaseModel->first()
 6 SYSTEMPATH\CodeIgniter.php(933): App\Controllers\Usuario->entrar()
 7 SYSTEMPATH\CodeIgniter.php(509): CodeIgniter\CodeIgniter->runController(Object(App\Controllers\Usuario))
 8 SYSTEMPATH\CodeIgniter.php(355): CodeIgniter\CodeIgniter->handleRequest(null, Object(Config\Cache), false)
 9 SYSTEMPATH\Boot.php(325): CodeIgniter\CodeIgniter->run()
10 SYSTEMPATH\Boot.php(67): CodeIgniter\Boot::runCodeIgniter(Object(CodeIgniter\CodeIgniter))
11 FCPATH\index.php(56): CodeIgniter\Boot::bootWeb(Object(Config\Paths))
INFO - 2025-01-21 11:20:04 --> Session: Class initialized using 'CodeIgniter\Session\Handlers\FileHandler' driver.
INFO - 2025-01-21 11:20:11 --> Session: Class initialized using 'CodeIgniter\Session\Handlers\FileHandler' driver.
INFO - 2025-01-21 11:20:12 --> Session: Class initialized using 'CodeIgniter\Session\Handlers\FileHandler' driver.
INFO - 2025-01-21 11:29:53 --> Session: Class initialized using 'CodeIgniter\Session\Handlers\FileHandler' driver.
INFO - 2025-01-21 11:30:00 --> Session: Class initialized using 'CodeIgniter\Session\Handlers\FileHandler' driver.
INFO - 2025-01-21 11:30:00 --> Session: Class initialized using 'CodeIgniter\Session\Handlers\FileHandler' driver.
INFO - 2025-01-21 11:30:14 --> Session: Class initialized using 'CodeIgniter\Session\Handlers\FileHandler' driver.
INFO - 2025-01-21 11:30:17 --> Session: Class initialized using 'CodeIgniter\Session\Handlers\FileHandler' driver.
INFO - 2025-01-21 11:33:50 --> Session: Class initialized using 'CodeIgniter\Session\Handlers\FileHandler' driver.
INFO - 2025-01-21 11:34:28 --> Session: Class initialized using 'CodeIgniter\Session\Handlers\FileHandler' driver.
INFO - 2025-01-21 11:34:29 --> Session: Class initialized using 'CodeIgniter\Session\Handlers\FileHandler' driver.
INFO - 2025-01-21 11:34:29 --> Session: Class initialized using 'CodeIgniter\Session\Handlers\FileHandler' driver.
INFO - 2025-01-21 11:34:29 --> Session: Class initialized using 'CodeIgniter\Session\Handlers\FileHandler' driver.
INFO - 2025-01-21 11:39:41 --> Session: Class initialized using 'CodeIgniter\Session\Handlers\FileHandler' driver.
INFO - 2025-01-21 11:40:47 --> Session: Class initialized using 'CodeIgniter\Session\Handlers\FileHandler' driver.
INFO - 2025-01-21 11:40:48 --> Session: Class initialized using 'CodeIgniter\Session\Handlers\FileHandler' driver.
INFO - 2025-01-21 11:41:14 --> Session: Class initialized using 'CodeIgniter\Session\Handlers\FileHandler' driver.
INFO - 2025-01-21 11:41:14 --> Session: Class initialized using 'CodeIgniter\Session\Handlers\FileHandler' driver.
INFO - 2025-01-21 11:41:14 --> Session: Class initialized using 'CodeIgniter\Session\Handlers\FileHandler' driver.
INFO - 2025-01-21 11:45:34 --> Session: Class initialized using 'CodeIgniter\Session\Handlers\FileHandler' driver.
INFO - 2025-01-21 11:45:35 --> Session: Class initialized using 'CodeIgniter\Session\Handlers\FileHandler' driver.
INFO - 2025-01-21 11:45:35 --> Session: Class initialized using 'CodeIgniter\Session\Handlers\FileHandler' driver.
INFO - 2025-01-21 11:45:36 --> Session: Class initialized using 'CodeIgniter\Session\Handlers\FileHandler' driver.
INFO - 2025-01-21 11:45:52 --> Session: Class initialized using 'CodeIgniter\Session\Handlers\FileHandler' driver.
INFO - 2025-01-21 11:45:52 --> Session: Class initialized using 'CodeIgniter\Session\Handlers\FileHandler' driver.
INFO - 2025-01-21 11:45:52 --> Session: Class initialized using 'CodeIgniter\Session\Handlers\FileHandler' driver.
INFO - 2025-01-21 11:46:17 --> Session: Class initialized using 'CodeIgniter\Session\Handlers\FileHandler' driver.
INFO - 2025-01-21 11:46:49 --> Session: Class initialized using 'CodeIgniter\Session\Handlers\FileHandler' driver.
ERROR - 2025-01-21 11:46:49 --> Language.invalidMessageFormat: $message: "{0, string} não é uma rota válida.", $args: "Usuario.sair" (urlencoded: "Usuario.sair"), MessageFormatter Error: "msgfmt_create: message formatter creation failed: U_ILLEGAL_ARGUMENT_ERROR" (1)
CRITICAL - 2025-01-21 11:46:49 --> CodeIgniter\Router\Exceptions\RouterException: {0, string} não é uma rota válida.
【Warning】Also, invalid string(s) was passed to the Language class. See log file for details.
[Method: GET, Route: /]
in SYSTEMPATH\Helpers\url_helper.php on line 494.
 1 SYSTEMPATH\Helpers\url_helper.php(494): CodeIgniter\Router\Exceptions\RouterException::forInvalidRoute('Usuario.sair')
 2 APPPATH\Views\templates\navbar.php(114): url_to('Usuario.sair')
 3 SYSTEMPATH\View\View.php(234): include('C:\\xampp\\htdocs\\projetointegrador-teste\\app\\Views\\templates\\navbar.php')
 4 SYSTEMPATH\View\View.php(237): CodeIgniter\View\View->CodeIgniter\View\{closure}()
 5 SYSTEMPATH\Common.php(1171): CodeIgniter\View\View->render('templates/navbar', [], true)
 6 APPPATH\Controllers\Main.php(13): view('templates/navbar', [...])
 7 SYSTEMPATH\CodeIgniter.php(933): App\Controllers\Main->index()
 8 SYSTEMPATH\CodeIgniter.php(509): CodeIgniter\CodeIgniter->runController(Object(App\Controllers\Main))
 9 SYSTEMPATH\CodeIgniter.php(355): CodeIgniter\CodeIgniter->handleRequest(null, Object(Config\Cache), false)
10 SYSTEMPATH\Boot.php(325): CodeIgniter\CodeIgniter->run()
11 SYSTEMPATH\Boot.php(67): CodeIgniter\Boot::runCodeIgniter(Object(CodeIgniter\CodeIgniter))
12 FCPATH\index.php(56): CodeIgniter\Boot::bootWeb(Object(Config\Paths))
INFO - 2025-01-21 11:47:10 --> Session: Class initialized using 'CodeIgniter\Session\Handlers\FileHandler' driver.
ERROR - 2025-01-21 11:47:10 --> Language.invalidMessageFormat: $message: "{0, string} não é uma rota válida.", $args: "Usuario.sair" (urlencoded: "Usuario.sair"), MessageFormatter Error: "msgfmt_create: message formatter creation failed: U_ILLEGAL_ARGUMENT_ERROR" (1)
CRITICAL - 2025-01-21 11:47:10 --> CodeIgniter\Router\Exceptions\RouterException: {0, string} não é uma rota válida.
【Warning】Also, invalid string(s) was passed to the Language class. See log file for details.
[Method: GET, Route: /]
in SYSTEMPATH\Helpers\url_helper.php on line 494.
 1 SYSTEMPATH\Helpers\url_helper.php(494): CodeIgniter\Router\Exceptions\RouterException::forInvalidRoute('Usuario.sair')
 2 APPPATH\Views\templates\navbar.php(114): url_to('Usuario.sair')
 3 SYSTEMPATH\View\View.php(234): include('C:\\xampp\\htdocs\\projetointegrador-teste\\app\\Views\\templates\\navbar.php')
 4 SYSTEMPATH\View\View.php(237): CodeIgniter\View\View->CodeIgniter\View\{closure}()
 5 SYSTEMPATH\Common.php(1171): CodeIgniter\View\View->render('templates/navbar', [], true)
 6 APPPATH\Controllers\Main.php(13): view('templates/navbar', [...])
 7 SYSTEMPATH\CodeIgniter.php(933): App\Controllers\Main->index()
 8 SYSTEMPATH\CodeIgniter.php(509): CodeIgniter\CodeIgniter->runController(Object(App\Controllers\Main))
 9 SYSTEMPATH\CodeIgniter.php(355): CodeIgniter\CodeIgniter->handleRequest(null, Object(Config\Cache), false)
10 SYSTEMPATH\Boot.php(325): CodeIgniter\CodeIgniter->run()
11 SYSTEMPATH\Boot.php(67): CodeIgniter\Boot::runCodeIgniter(Object(CodeIgniter\CodeIgniter))
12 FCPATH\index.php(56): CodeIgniter\Boot::bootWeb(Object(Config\Paths))
INFO - 2025-01-21 11:47:39 --> Session: Class initialized using 'CodeIgniter\Session\Handlers\FileHandler' driver.
ERROR - 2025-01-21 11:47:39 --> Language.invalidMessageFormat: $message: "{0, string} não é uma rota válida.", $args: "Usuario.sair" (urlencoded: "Usuario.sair"), MessageFormatter Error: "msgfmt_create: message formatter creation failed: U_ILLEGAL_ARGUMENT_ERROR" (1)
CRITICAL - 2025-01-21 11:47:39 --> CodeIgniter\Router\Exceptions\RouterException: {0, string} não é uma rota válida.
【Warning】Also, invalid string(s) was passed to the Language class. See log file for details.
[Method: GET, Route: /]
in SYSTEMPATH\Helpers\url_helper.php on line 494.
 1 SYSTEMPATH\Helpers\url_helper.php(494): CodeIgniter\Router\Exceptions\RouterException::forInvalidRoute('Usuario.sair')
 2 APPPATH\Views\templates\navbar.php(114): url_to('Usuario.sair')
 3 SYSTEMPATH\View\View.php(234): include('C:\\xampp\\htdocs\\projetointegrador-teste\\app\\Views\\templates\\navbar.php')
 4 SYSTEMPATH\View\View.php(237): CodeIgniter\View\View->CodeIgniter\View\{closure}()
 5 SYSTEMPATH\Common.php(1171): CodeIgniter\View\View->render('templates/navbar', [], true)
 6 APPPATH\Controllers\Main.php(13): view('templates/navbar', [...])
 7 SYSTEMPATH\CodeIgniter.php(933): App\Controllers\Main->index()
 8 SYSTEMPATH\CodeIgniter.php(509): CodeIgniter\CodeIgniter->runController(Object(App\Controllers\Main))
 9 SYSTEMPATH\CodeIgniter.php(355): CodeIgniter\CodeIgniter->handleRequest(null, Object(Config\Cache), false)
10 SYSTEMPATH\Boot.php(325): CodeIgniter\CodeIgniter->run()
11 SYSTEMPATH\Boot.php(67): CodeIgniter\Boot::runCodeIgniter(Object(CodeIgniter\CodeIgniter))
12 FCPATH\index.php(56): CodeIgniter\Boot::bootWeb(Object(Config\Paths))
INFO - 2025-01-21 11:47:40 --> Session: Class initialized using 'CodeIgniter\Session\Handlers\FileHandler' driver.
ERROR - 2025-01-21 11:47:40 --> Language.invalidMessageFormat: $message: "{0, string} não é uma rota válida.", $args: "Usuario.sair" (urlencoded: "Usuario.sair"), MessageFormatter Error: "msgfmt_create: message formatter creation failed: U_ILLEGAL_ARGUMENT_ERROR" (1)
CRITICAL - 2025-01-21 11:47:40 --> CodeIgniter\Router\Exceptions\RouterException: {0, string} não é uma rota válida.
【Warning】Also, invalid string(s) was passed to the Language class. See log file for details.
[Method: GET, Route: /]
in SYSTEMPATH\Helpers\url_helper.php on line 494.
 1 SYSTEMPATH\Helpers\url_helper.php(494): CodeIgniter\Router\Exceptions\RouterException::forInvalidRoute('Usuario.sair')
 2 APPPATH\Views\templates\navbar.php(114): url_to('Usuario.sair')
 3 SYSTEMPATH\View\View.php(234): include('C:\\xampp\\htdocs\\projetointegrador-teste\\app\\Views\\templates\\navbar.php')
 4 SYSTEMPATH\View\View.php(237): CodeIgniter\View\View->CodeIgniter\View\{closure}()
 5 SYSTEMPATH\Common.php(1171): CodeIgniter\View\View->render('templates/navbar', [], true)
 6 APPPATH\Controllers\Main.php(13): view('templates/navbar', [...])
 7 SYSTEMPATH\CodeIgniter.php(933): App\Controllers\Main->index()
 8 SYSTEMPATH\CodeIgniter.php(509): CodeIgniter\CodeIgniter->runController(Object(App\Controllers\Main))
 9 SYSTEMPATH\CodeIgniter.php(355): CodeIgniter\CodeIgniter->handleRequest(null, Object(Config\Cache), false)
10 SYSTEMPATH\Boot.php(325): CodeIgniter\CodeIgniter->run()
11 SYSTEMPATH\Boot.php(67): CodeIgniter\Boot::runCodeIgniter(Object(CodeIgniter\CodeIgniter))
12 FCPATH\index.php(56): CodeIgniter\Boot::bootWeb(Object(Config\Paths))
INFO - 2025-01-21 11:47:40 --> Session: Class initialized using 'CodeIgniter\Session\Handlers\FileHandler' driver.
ERROR - 2025-01-21 11:47:40 --> Language.invalidMessageFormat: $message: "{0, string} não é uma rota válida.", $args: "Usuario.sair" (urlencoded: "Usuario.sair"), MessageFormatter Error: "msgfmt_create: message formatter creation failed: U_ILLEGAL_ARGUMENT_ERROR" (1)
CRITICAL - 2025-01-21 11:47:40 --> CodeIgniter\Router\Exceptions\RouterException: {0, string} não é uma rota válida.
【Warning】Also, invalid string(s) was passed to the Language class. See log file for details.
[Method: GET, Route: /]
in SYSTEMPATH\Helpers\url_helper.php on line 494.
 1 SYSTEMPATH\Helpers\url_helper.php(494): CodeIgniter\Router\Exceptions\RouterException::forInvalidRoute('Usuario.sair')
 2 APPPATH\Views\templates\navbar.php(114): url_to('Usuario.sair')
 3 SYSTEMPATH\View\View.php(234): include('C:\\xampp\\htdocs\\projetointegrador-teste\\app\\Views\\templates\\navbar.php')
 4 SYSTEMPATH\View\View.php(237): CodeIgniter\View\View->CodeIgniter\View\{closure}()
 5 SYSTEMPATH\Common.php(1171): CodeIgniter\View\View->render('templates/navbar', [], true)
 6 APPPATH\Controllers\Main.php(13): view('templates/navbar', [...])
 7 SYSTEMPATH\CodeIgniter.php(933): App\Controllers\Main->index()
 8 SYSTEMPATH\CodeIgniter.php(509): CodeIgniter\CodeIgniter->runController(Object(App\Controllers\Main))
 9 SYSTEMPATH\CodeIgniter.php(355): CodeIgniter\CodeIgniter->handleRequest(null, Object(Config\Cache), false)
10 SYSTEMPATH\Boot.php(325): CodeIgniter\CodeIgniter->run()
11 SYSTEMPATH\Boot.php(67): CodeIgniter\Boot::runCodeIgniter(Object(CodeIgniter\CodeIgniter))
12 FCPATH\index.php(56): CodeIgniter\Boot::bootWeb(Object(Config\Paths))
INFO - 2025-01-21 11:47:40 --> Session: Class initialized using 'CodeIgniter\Session\Handlers\FileHandler' driver.
ERROR - 2025-01-21 11:47:40 --> Language.invalidMessageFormat: $message: "{0, string} não é uma rota válida.", $args: "Usuario.sair" (urlencoded: "Usuario.sair"), MessageFormatter Error: "msgfmt_create: message formatter creation failed: U_ILLEGAL_ARGUMENT_ERROR" (1)
CRITICAL - 2025-01-21 11:47:40 --> CodeIgniter\Router\Exceptions\RouterException: {0, string} não é uma rota válida.
【Warning】Also, invalid string(s) was passed to the Language class. See log file for details.
[Method: GET, Route: /]
in SYSTEMPATH\Helpers\url_helper.php on line 494.
 1 SYSTEMPATH\Helpers\url_helper.php(494): CodeIgniter\Router\Exceptions\RouterException::forInvalidRoute('Usuario.sair')
 2 APPPATH\Views\templates\navbar.php(114): url_to('Usuario.sair')
 3 SYSTEMPATH\View\View.php(234): include('C:\\xampp\\htdocs\\projetointegrador-teste\\app\\Views\\templates\\navbar.php')
 4 SYSTEMPATH\View\View.php(237): CodeIgniter\View\View->CodeIgniter\View\{closure}()
 5 SYSTEMPATH\Common.php(1171): CodeIgniter\View\View->render('templates/navbar', [], true)
 6 APPPATH\Controllers\Main.php(13): view('templates/navbar', [...])
 7 SYSTEMPATH\CodeIgniter.php(933): App\Controllers\Main->index()
 8 SYSTEMPATH\CodeIgniter.php(509): CodeIgniter\CodeIgniter->runController(Object(App\Controllers\Main))
 9 SYSTEMPATH\CodeIgniter.php(355): CodeIgniter\CodeIgniter->handleRequest(null, Object(Config\Cache), false)
10 SYSTEMPATH\Boot.php(325): CodeIgniter\CodeIgniter->run()
11 SYSTEMPATH\Boot.php(67): CodeIgniter\Boot::runCodeIgniter(Object(CodeIgniter\CodeIgniter))
12 FCPATH\index.php(56): CodeIgniter\Boot::bootWeb(Object(Config\Paths))
INFO - 2025-01-21 11:47:41 --> Session: Class initialized using 'CodeIgniter\Session\Handlers\FileHandler' driver.
ERROR - 2025-01-21 11:47:41 --> Language.invalidMessageFormat: $message: "{0, string} não é uma rota válida.", $args: "Usuario.sair" (urlencoded: "Usuario.sair"), MessageFormatter Error: "msgfmt_create: message formatter creation failed: U_ILLEGAL_ARGUMENT_ERROR" (1)
CRITICAL - 2025-01-21 11:47:41 --> CodeIgniter\Router\Exceptions\RouterException: {0, string} não é uma rota válida.
【Warning】Also, invalid string(s) was passed to the Language class. See log file for details.
[Method: GET, Route: /]
in SYSTEMPATH\Helpers\url_helper.php on line 494.
 1 SYSTEMPATH\Helpers\url_helper.php(494): CodeIgniter\Router\Exceptions\RouterException::forInvalidRoute('Usuario.sair')
 2 APPPATH\Views\templates\navbar.php(114): url_to('Usuario.sair')
 3 SYSTEMPATH\View\View.php(234): include('C:\\xampp\\htdocs\\projetointegrador-teste\\app\\Views\\templates\\navbar.php')
 4 SYSTEMPATH\View\View.php(237): CodeIgniter\View\View->CodeIgniter\View\{closure}()
 5 SYSTEMPATH\Common.php(1171): CodeIgniter\View\View->render('templates/navbar', [], true)
 6 APPPATH\Controllers\Main.php(13): view('templates/navbar', [...])
 7 SYSTEMPATH\CodeIgniter.php(933): App\Controllers\Main->index()
 8 SYSTEMPATH\CodeIgniter.php(509): CodeIgniter\CodeIgniter->runController(Object(App\Controllers\Main))
 9 SYSTEMPATH\CodeIgniter.php(355): CodeIgniter\CodeIgniter->handleRequest(null, Object(Config\Cache), false)
10 SYSTEMPATH\Boot.php(325): CodeIgniter\CodeIgniter->run()
11 SYSTEMPATH\Boot.php(67): CodeIgniter\Boot::runCodeIgniter(Object(CodeIgniter\CodeIgniter))
12 FCPATH\index.php(56): CodeIgniter\Boot::bootWeb(Object(Config\Paths))
INFO - 2025-01-21 11:47:41 --> Session: Class initialized using 'CodeIgniter\Session\Handlers\FileHandler' driver.
ERROR - 2025-01-21 11:47:41 --> Language.invalidMessageFormat: $message: "{0, string} não é uma rota válida.", $args: "Usuario.sair" (urlencoded: "Usuario.sair"), MessageFormatter Error: "msgfmt_create: message formatter creation failed: U_ILLEGAL_ARGUMENT_ERROR" (1)
CRITICAL - 2025-01-21 11:47:41 --> CodeIgniter\Router\Exceptions\RouterException: {0, string} não é uma rota válida.
【Warning】Also, invalid string(s) was passed to the Language class. See log file for details.
[Method: GET, Route: /]
in SYSTEMPATH\Helpers\url_helper.php on line 494.
 1 SYSTEMPATH\Helpers\url_helper.php(494): CodeIgniter\Router\Exceptions\RouterException::forInvalidRoute('Usuario.sair')
 2 APPPATH\Views\templates\navbar.php(114): url_to('Usuario.sair')
 3 SYSTEMPATH\View\View.php(234): include('C:\\xampp\\htdocs\\projetointegrador-teste\\app\\Views\\templates\\navbar.php')
 4 SYSTEMPATH\View\View.php(237): CodeIgniter\View\View->CodeIgniter\View\{closure}()
 5 SYSTEMPATH\Common.php(1171): CodeIgniter\View\View->render('templates/navbar', [], true)
 6 APPPATH\Controllers\Main.php(13): view('templates/navbar', [...])
 7 SYSTEMPATH\CodeIgniter.php(933): App\Controllers\Main->index()
 8 SYSTEMPATH\CodeIgniter.php(509): CodeIgniter\CodeIgniter->runController(Object(App\Controllers\Main))
 9 SYSTEMPATH\CodeIgniter.php(355): CodeIgniter\CodeIgniter->handleRequest(null, Object(Config\Cache), false)
10 SYSTEMPATH\Boot.php(325): CodeIgniter\CodeIgniter->run()
11 SYSTEMPATH\Boot.php(67): CodeIgniter\Boot::runCodeIgniter(Object(CodeIgniter\CodeIgniter))
12 FCPATH\index.php(56): CodeIgniter\Boot::bootWeb(Object(Config\Paths))
INFO - 2025-01-21 11:47:41 --> Session: Class initialized using 'CodeIgniter\Session\Handlers\FileHandler' driver.
ERROR - 2025-01-21 11:47:41 --> Language.invalidMessageFormat: $message: "{0, string} não é uma rota válida.", $args: "Usuario.sair" (urlencoded: "Usuario.sair"), MessageFormatter Error: "msgfmt_create: message formatter creation failed: U_ILLEGAL_ARGUMENT_ERROR" (1)
CRITICAL - 2025-01-21 11:47:41 --> CodeIgniter\Router\Exceptions\RouterException: {0, string} não é uma rota válida.
【Warning】Also, invalid string(s) was passed to the Language class. See log file for details.
[Method: GET, Route: /]
in SYSTEMPATH\Helpers\url_helper.php on line 494.
 1 SYSTEMPATH\Helpers\url_helper.php(494): CodeIgniter\Router\Exceptions\RouterException::forInvalidRoute('Usuario.sair')
 2 APPPATH\Views\templates\navbar.php(114): url_to('Usuario.sair')
 3 SYSTEMPATH\View\View.php(234): include('C:\\xampp\\htdocs\\projetointegrador-teste\\app\\Views\\templates\\navbar.php')
 4 SYSTEMPATH\View\View.php(237): CodeIgniter\View\View->CodeIgniter\View\{closure}()
 5 SYSTEMPATH\Common.php(1171): CodeIgniter\View\View->render('templates/navbar', [], true)
 6 APPPATH\Controllers\Main.php(13): view('templates/navbar', [...])
 7 SYSTEMPATH\CodeIgniter.php(933): App\Controllers\Main->index()
 8 SYSTEMPATH\CodeIgniter.php(509): CodeIgniter\CodeIgniter->runController(Object(App\Controllers\Main))
 9 SYSTEMPATH\CodeIgniter.php(355): CodeIgniter\CodeIgniter->handleRequest(null, Object(Config\Cache), false)
10 SYSTEMPATH\Boot.php(325): CodeIgniter\CodeIgniter->run()
11 SYSTEMPATH\Boot.php(67): CodeIgniter\Boot::runCodeIgniter(Object(CodeIgniter\CodeIgniter))
12 FCPATH\index.php(56): CodeIgniter\Boot::bootWeb(Object(Config\Paths))
INFO - 2025-01-21 11:47:41 --> Session: Class initialized using 'CodeIgniter\Session\Handlers\FileHandler' driver.
ERROR - 2025-01-21 11:47:41 --> Language.invalidMessageFormat: $message: "{0, string} não é uma rota válida.", $args: "Usuario.sair" (urlencoded: "Usuario.sair"), MessageFormatter Error: "msgfmt_create: message formatter creation failed: U_ILLEGAL_ARGUMENT_ERROR" (1)
CRITICAL - 2025-01-21 11:47:41 --> CodeIgniter\Router\Exceptions\RouterException: {0, string} não é uma rota válida.
【Warning】Also, invalid string(s) was passed to the Language class. See log file for details.
[Method: GET, Route: /]
in SYSTEMPATH\Helpers\url_helper.php on line 494.
 1 SYSTEMPATH\Helpers\url_helper.php(494): CodeIgniter\Router\Exceptions\RouterException::forInvalidRoute('Usuario.sair')
 2 APPPATH\Views\templates\navbar.php(114): url_to('Usuario.sair')
 3 SYSTEMPATH\View\View.php(234): include('C:\\xampp\\htdocs\\projetointegrador-teste\\app\\Views\\templates\\navbar.php')
 4 SYSTEMPATH\View\View.php(237): CodeIgniter\View\View->CodeIgniter\View\{closure}()
 5 SYSTEMPATH\Common.php(1171): CodeIgniter\View\View->render('templates/navbar', [], true)
 6 APPPATH\Controllers\Main.php(13): view('templates/navbar', [...])
 7 SYSTEMPATH\CodeIgniter.php(933): App\Controllers\Main->index()
 8 SYSTEMPATH\CodeIgniter.php(509): CodeIgniter\CodeIgniter->runController(Object(App\Controllers\Main))
 9 SYSTEMPATH\CodeIgniter.php(355): CodeIgniter\CodeIgniter->handleRequest(null, Object(Config\Cache), false)
10 SYSTEMPATH\Boot.php(325): CodeIgniter\CodeIgniter->run()
11 SYSTEMPATH\Boot.php(67): CodeIgniter\Boot::runCodeIgniter(Object(CodeIgniter\CodeIgniter))
12 FCPATH\index.php(56): CodeIgniter\Boot::bootWeb(Object(Config\Paths))
INFO - 2025-01-21 11:47:41 --> Session: Class initialized using 'CodeIgniter\Session\Handlers\FileHandler' driver.
ERROR - 2025-01-21 11:47:42 --> Language.invalidMessageFormat: $message: "{0, string} não é uma rota válida.", $args: "Usuario.sair" (urlencoded: "Usuario.sair"), MessageFormatter Error: "msgfmt_create: message formatter creation failed: U_ILLEGAL_ARGUMENT_ERROR" (1)
CRITICAL - 2025-01-21 11:47:42 --> CodeIgniter\Router\Exceptions\RouterException: {0, string} não é uma rota válida.
【Warning】Also, invalid string(s) was passed to the Language class. See log file for details.
[Method: GET, Route: /]
in SYSTEMPATH\Helpers\url_helper.php on line 494.
 1 SYSTEMPATH\Helpers\url_helper.php(494): CodeIgniter\Router\Exceptions\RouterException::forInvalidRoute('Usuario.sair')
 2 APPPATH\Views\templates\navbar.php(114): url_to('Usuario.sair')
 3 SYSTEMPATH\View\View.php(234): include('C:\\xampp\\htdocs\\projetointegrador-teste\\app\\Views\\templates\\navbar.php')
 4 SYSTEMPATH\View\View.php(237): CodeIgniter\View\View->CodeIgniter\View\{closure}()
 5 SYSTEMPATH\Common.php(1171): CodeIgniter\View\View->render('templates/navbar', [], true)
 6 APPPATH\Controllers\Main.php(13): view('templates/navbar', [...])
 7 SYSTEMPATH\CodeIgniter.php(933): App\Controllers\Main->index()
 8 SYSTEMPATH\CodeIgniter.php(509): CodeIgniter\CodeIgniter->runController(Object(App\Controllers\Main))
 9 SYSTEMPATH\CodeIgniter.php(355): CodeIgniter\CodeIgniter->handleRequest(null, Object(Config\Cache), false)
10 SYSTEMPATH\Boot.php(325): CodeIgniter\CodeIgniter->run()
11 SYSTEMPATH\Boot.php(67): CodeIgniter\Boot::runCodeIgniter(Object(CodeIgniter\CodeIgniter))
12 FCPATH\index.php(56): CodeIgniter\Boot::bootWeb(Object(Config\Paths))
INFO - 2025-01-21 11:47:42 --> Session: Class initialized using 'CodeIgniter\Session\Handlers\FileHandler' driver.
ERROR - 2025-01-21 11:47:42 --> Language.invalidMessageFormat: $message: "{0, string} não é uma rota válida.", $args: "Usuario.sair" (urlencoded: "Usuario.sair"), MessageFormatter Error: "msgfmt_create: message formatter creation failed: U_ILLEGAL_ARGUMENT_ERROR" (1)
CRITICAL - 2025-01-21 11:47:42 --> CodeIgniter\Router\Exceptions\RouterException: {0, string} não é uma rota válida.
【Warning】Also, invalid string(s) was passed to the Language class. See log file for details.
[Method: GET, Route: /]
in SYSTEMPATH\Helpers\url_helper.php on line 494.
 1 SYSTEMPATH\Helpers\url_helper.php(494): CodeIgniter\Router\Exceptions\RouterException::forInvalidRoute('Usuario.sair')
 2 APPPATH\Views\templates\navbar.php(114): url_to('Usuario.sair')
 3 SYSTEMPATH\View\View.php(234): include('C:\\xampp\\htdocs\\projetointegrador-teste\\app\\Views\\templates\\navbar.php')
 4 SYSTEMPATH\View\View.php(237): CodeIgniter\View\View->CodeIgniter\View\{closure}()
 5 SYSTEMPATH\Common.php(1171): CodeIgniter\View\View->render('templates/navbar', [], true)
 6 APPPATH\Controllers\Main.php(13): view('templates/navbar', [...])
 7 SYSTEMPATH\CodeIgniter.php(933): App\Controllers\Main->index()
 8 SYSTEMPATH\CodeIgniter.php(509): CodeIgniter\CodeIgniter->runController(Object(App\Controllers\Main))
 9 SYSTEMPATH\CodeIgniter.php(355): CodeIgniter\CodeIgniter->handleRequest(null, Object(Config\Cache), false)
10 SYSTEMPATH\Boot.php(325): CodeIgniter\CodeIgniter->run()
11 SYSTEMPATH\Boot.php(67): CodeIgniter\Boot::runCodeIgniter(Object(CodeIgniter\CodeIgniter))
12 FCPATH\index.php(56): CodeIgniter\Boot::bootWeb(Object(Config\Paths))
INFO - 2025-01-21 11:47:42 --> Session: Class initialized using 'CodeIgniter\Session\Handlers\FileHandler' driver.
ERROR - 2025-01-21 11:47:42 --> Language.invalidMessageFormat: $message: "{0, string} não é uma rota válida.", $args: "Usuario.sair" (urlencoded: "Usuario.sair"), MessageFormatter Error: "msgfmt_create: message formatter creation failed: U_ILLEGAL_ARGUMENT_ERROR" (1)
CRITICAL - 2025-01-21 11:47:42 --> CodeIgniter\Router\Exceptions\RouterException: {0, string} não é uma rota válida.
【Warning】Also, invalid string(s) was passed to the Language class. See log file for details.
[Method: GET, Route: /]
in SYSTEMPATH\Helpers\url_helper.php on line 494.
 1 SYSTEMPATH\Helpers\url_helper.php(494): CodeIgniter\Router\Exceptions\RouterException::forInvalidRoute('Usuario.sair')
 2 APPPATH\Views\templates\navbar.php(114): url_to('Usuario.sair')
 3 SYSTEMPATH\View\View.php(234): include('C:\\xampp\\htdocs\\projetointegrador-teste\\app\\Views\\templates\\navbar.php')
 4 SYSTEMPATH\View\View.php(237): CodeIgniter\View\View->CodeIgniter\View\{closure}()
 5 SYSTEMPATH\Common.php(1171): CodeIgniter\View\View->render('templates/navbar', [], true)
 6 APPPATH\Controllers\Main.php(13): view('templates/navbar', [...])
 7 SYSTEMPATH\CodeIgniter.php(933): App\Controllers\Main->index()
 8 SYSTEMPATH\CodeIgniter.php(509): CodeIgniter\CodeIgniter->runController(Object(App\Controllers\Main))
 9 SYSTEMPATH\CodeIgniter.php(355): CodeIgniter\CodeIgniter->handleRequest(null, Object(Config\Cache), false)
10 SYSTEMPATH\Boot.php(325): CodeIgniter\CodeIgniter->run()
11 SYSTEMPATH\Boot.php(67): CodeIgniter\Boot::runCodeIgniter(Object(CodeIgniter\CodeIgniter))
12 FCPATH\index.php(56): CodeIgniter\Boot::bootWeb(Object(Config\Paths))
INFO - 2025-01-21 11:47:42 --> Session: Class initialized using 'CodeIgniter\Session\Handlers\FileHandler' driver.
ERROR - 2025-01-21 11:47:42 --> Language.invalidMessageFormat: $message: "{0, string} não é uma rota válida.", $args: "Usuario.sair" (urlencoded: "Usuario.sair"), MessageFormatter Error: "msgfmt_create: message formatter creation failed: U_ILLEGAL_ARGUMENT_ERROR" (1)
CRITICAL - 2025-01-21 11:47:42 --> CodeIgniter\Router\Exceptions\RouterException: {0, string} não é uma rota válida.
【Warning】Also, invalid string(s) was passed to the Language class. See log file for details.
[Method: GET, Route: /]
in SYSTEMPATH\Helpers\url_helper.php on line 494.
 1 SYSTEMPATH\Helpers\url_helper.php(494): CodeIgniter\Router\Exceptions\RouterException::forInvalidRoute('Usuario.sair')
 2 APPPATH\Views\templates\navbar.php(114): url_to('Usuario.sair')
 3 SYSTEMPATH\View\View.php(234): include('C:\\xampp\\htdocs\\projetointegrador-teste\\app\\Views\\templates\\navbar.php')
 4 SYSTEMPATH\View\View.php(237): CodeIgniter\View\View->CodeIgniter\View\{closure}()
 5 SYSTEMPATH\Common.php(1171): CodeIgniter\View\View->render('templates/navbar', [], true)
 6 APPPATH\Controllers\Main.php(13): view('templates/navbar', [...])
 7 SYSTEMPATH\CodeIgniter.php(933): App\Controllers\Main->index()
 8 SYSTEMPATH\CodeIgniter.php(509): CodeIgniter\CodeIgniter->runController(Object(App\Controllers\Main))
 9 SYSTEMPATH\CodeIgniter.php(355): CodeIgniter\CodeIgniter->handleRequest(null, Object(Config\Cache), false)
10 SYSTEMPATH\Boot.php(325): CodeIgniter\CodeIgniter->run()
11 SYSTEMPATH\Boot.php(67): CodeIgniter\Boot::runCodeIgniter(Object(CodeIgniter\CodeIgniter))
12 FCPATH\index.php(56): CodeIgniter\Boot::bootWeb(Object(Config\Paths))
INFO - 2025-01-21 11:47:52 --> Session: Class initialized using 'CodeIgniter\Session\Handlers\FileHandler' driver.
INFO - 2025-01-21 11:48:05 --> Session: Class initialized using 'CodeIgniter\Session\Handlers\FileHandler' driver.
INFO - 2025-01-21 11:48:22 --> Session: Class initialized using 'CodeIgniter\Session\Handlers\FileHandler' driver.
INFO - 2025-01-21 11:48:24 --> Session: Class initialized using 'CodeIgniter\Session\Handlers\FileHandler' driver.
CRITICAL - 2025-01-21 11:48:24 --> Error: Call to undefined method CodeIgniter\Session\Session::sair()
[Method: GET, Route: login/sair]
in APPPATH\Controllers\Usuario.php on line 93.
 1 SYSTEMPATH\CodeIgniter.php(933): App\Controllers\Usuario->sair()
 2 SYSTEMPATH\CodeIgniter.php(509): CodeIgniter\CodeIgniter->runController(Object(App\Controllers\Usuario))
 3 SYSTEMPATH\CodeIgniter.php(355): CodeIgniter\CodeIgniter->handleRequest(null, Object(Config\Cache), false)
 4 SYSTEMPATH\Boot.php(325): CodeIgniter\CodeIgniter->run()
 5 SYSTEMPATH\Boot.php(67): CodeIgniter\Boot::runCodeIgniter(Object(CodeIgniter\CodeIgniter))
 6 FCPATH\index.php(56): CodeIgniter\Boot::bootWeb(Object(Config\Paths))
INFO - 2025-01-21 11:51:19 --> Session: Class initialized using 'CodeIgniter\Session\Handlers\FileHandler' driver.
INFO - 2025-01-21 11:51:19 --> Session: Class initialized using 'CodeIgniter\Session\Handlers\FileHandler' driver.
INFO - 2025-01-21 11:51:50 --> Session: Class initialized using 'CodeIgniter\Session\Handlers\FileHandler' driver.
INFO - 2025-01-21 11:51:52 --> Session: Class initialized using 'CodeIgniter\Session\Handlers\FileHandler' driver.
INFO - 2025-01-21 11:51:58 --> Session: Class initialized using 'CodeIgniter\Session\Handlers\FileHandler' driver.
INFO - 2025-01-21 11:51:58 --> Session: Class initialized using 'CodeIgniter\Session\Handlers\FileHandler' driver.
INFO - 2025-01-21 11:52:08 --> Session: Class initialized using 'CodeIgniter\Session\Handlers\FileHandler' driver.
INFO - 2025-01-21 11:52:08 --> Session: Class initialized using 'CodeIgniter\Session\Handlers\FileHandler' driver.
INFO - 2025-01-21 11:57:59 --> Session: Class initialized using 'CodeIgniter\Session\Handlers\FileHandler' driver.
INFO - 2025-01-21 11:58:02 --> Session: Class initialized using 'CodeIgniter\Session\Handlers\FileHandler' driver.
INFO - 2025-01-21 11:58:10 --> Session: Class initialized using 'CodeIgniter\Session\Handlers\FileHandler' driver.
INFO - 2025-01-21 11:58:10 --> Session: Class initialized using 'CodeIgniter\Session\Handlers\FileHandler' driver.
INFO - 2025-01-21 11:58:16 --> Session: Class initialized using 'CodeIgniter\Session\Handlers\FileHandler' driver.
INFO - 2025-01-21 11:58:17 --> Session: Class initialized using 'CodeIgniter\Session\Handlers\FileHandler' driver.
