CRITICAL - 2024-12-10 17:09:40 --> ErrorException: include_once(funcoes.php): Failed to open stream: No such file or directory
[Method: GET, Route: /]
in APPPATH\Views\templates\navbar.php on line 3.
 1 APPPATH\Views\templates\navbar.php(3): CodeIgniter\Debug\Exceptions->errorHandler(2, 'include_once(funcoes.php): Failed to open stream: No such file or directory', 'C:\\xampp\\htdocs\\projetointegrador-teste\\app\\Views\\templates\\navbar.php', 3)
 2 APPPATH\Views\templates\navbar.php(3): include_once()
 3 SYSTEMPATH\View\View.php(234): include('C:\\xampp\\htdocs\\projetointegrador-teste\\app\\Views\\templates\\navbar.php')
 4 SYSTEMPATH\View\View.php(237): CodeIgniter\View\View->CodeIgniter\View\{closure}()
 5 SYSTEMPATH\Common.php(1171): CodeIgniter\View\View->render('templates/navbar', [], true)
 6 APPPATH\Controllers\Main.php(12): view('templates/navbar')
 7 SYSTEMPATH\CodeIgniter.php(933): App\Controllers\Main->index()
 8 SYSTEMPATH\CodeIgniter.php(509): CodeIgniter\CodeIgniter->runController(Object(App\Controllers\Main))
 9 SYSTEMPATH\CodeIgniter.php(355): CodeIgniter\CodeIgniter->handleRequest(null, Object(Config\Cache), false)
10 SYSTEMPATH\Boot.php(325): CodeIgniter\CodeIgniter->run()
11 SYSTEMPATH\Boot.php(67): CodeIgniter\Boot::runCodeIgniter(Object(CodeIgniter\CodeIgniter))
12 FCPATH\index.php(56): CodeIgniter\Boot::bootWeb(Object(Config\Paths))
CRITICAL - 2024-12-10 17:10:52 --> ErrorException: include_once(funcoes.php): Failed to open stream: No such file or directory
[Method: GET, Route: /]
in APPPATH\Views\templates\navbar.php on line 3.
 1 APPPATH\Views\templates\navbar.php(3): CodeIgniter\Debug\Exceptions->errorHandler(2, 'include_once(funcoes.php): Failed to open stream: No such file or directory', 'C:\\xampp\\htdocs\\projetointegrador-teste\\app\\Views\\templates\\navbar.php', 3)
 2 APPPATH\Views\templates\navbar.php(3): include_once()
 3 SYSTEMPATH\View\View.php(234): include('C:\\xampp\\htdocs\\projetointegrador-teste\\app\\Views\\templates\\navbar.php')
 4 SYSTEMPATH\View\View.php(237): CodeIgniter\View\View->CodeIgniter\View\{closure}()
 5 SYSTEMPATH\Common.php(1171): CodeIgniter\View\View->render('templates/navbar', [], true)
 6 APPPATH\Controllers\Main.php(12): view('templates/navbar')
 7 SYSTEMPATH\CodeIgniter.php(933): App\Controllers\Main->index()
 8 SYSTEMPATH\CodeIgniter.php(509): CodeIgniter\CodeIgniter->runController(Object(App\Controllers\Main))
 9 SYSTEMPATH\CodeIgniter.php(355): CodeIgniter\CodeIgniter->handleRequest(null, Object(Config\Cache), false)
10 SYSTEMPATH\Boot.php(325): CodeIgniter\CodeIgniter->run()
11 SYSTEMPATH\Boot.php(67): CodeIgniter\Boot::runCodeIgniter(Object(CodeIgniter\CodeIgniter))
12 FCPATH\index.php(56): CodeIgniter\Boot::bootWeb(Object(Config\Paths))
CRITICAL - 2024-12-10 17:10:54 --> ErrorException: include_once(funcoes.php): Failed to open stream: No such file or directory
[Method: GET, Route: /]
in APPPATH\Views\templates\navbar.php on line 3.
 1 APPPATH\Views\templates\navbar.php(3): CodeIgniter\Debug\Exceptions->errorHandler(2, 'include_once(funcoes.php): Failed to open stream: No such file or directory', 'C:\\xampp\\htdocs\\projetointegrador-teste\\app\\Views\\templates\\navbar.php', 3)
 2 APPPATH\Views\templates\navbar.php(3): include_once()
 3 SYSTEMPATH\View\View.php(234): include('C:\\xampp\\htdocs\\projetointegrador-teste\\app\\Views\\templates\\navbar.php')
 4 SYSTEMPATH\View\View.php(237): CodeIgniter\View\View->CodeIgniter\View\{closure}()
 5 SYSTEMPATH\Common.php(1171): CodeIgniter\View\View->render('templates/navbar', [], true)
 6 APPPATH\Controllers\Main.php(12): view('templates/navbar')
 7 SYSTEMPATH\CodeIgniter.php(933): App\Controllers\Main->index()
 8 SYSTEMPATH\CodeIgniter.php(509): CodeIgniter\CodeIgniter->runController(Object(App\Controllers\Main))
 9 SYSTEMPATH\CodeIgniter.php(355): CodeIgniter\CodeIgniter->handleRequest(null, Object(Config\Cache), false)
10 SYSTEMPATH\Boot.php(325): CodeIgniter\CodeIgniter->run()
11 SYSTEMPATH\Boot.php(67): CodeIgniter\Boot::runCodeIgniter(Object(CodeIgniter\CodeIgniter))
12 FCPATH\index.php(56): CodeIgniter\Boot::bootWeb(Object(Config\Paths))
CRITICAL - 2024-12-10 17:10:55 --> ErrorException: include_once(funcoes.php): Failed to open stream: No such file or directory
[Method: GET, Route: /]
in APPPATH\Views\templates\navbar.php on line 3.
 1 APPPATH\Views\templates\navbar.php(3): CodeIgniter\Debug\Exceptions->errorHandler(2, 'include_once(funcoes.php): Failed to open stream: No such file or directory', 'C:\\xampp\\htdocs\\projetointegrador-teste\\app\\Views\\templates\\navbar.php', 3)
 2 APPPATH\Views\templates\navbar.php(3): include_once()
 3 SYSTEMPATH\View\View.php(234): include('C:\\xampp\\htdocs\\projetointegrador-teste\\app\\Views\\templates\\navbar.php')
 4 SYSTEMPATH\View\View.php(237): CodeIgniter\View\View->CodeIgniter\View\{closure}()
 5 SYSTEMPATH\Common.php(1171): CodeIgniter\View\View->render('templates/navbar', [], true)
 6 APPPATH\Controllers\Main.php(12): view('templates/navbar')
 7 SYSTEMPATH\CodeIgniter.php(933): App\Controllers\Main->index()
 8 SYSTEMPATH\CodeIgniter.php(509): CodeIgniter\CodeIgniter->runController(Object(App\Controllers\Main))
 9 SYSTEMPATH\CodeIgniter.php(355): CodeIgniter\CodeIgniter->handleRequest(null, Object(Config\Cache), false)
10 SYSTEMPATH\Boot.php(325): CodeIgniter\CodeIgniter->run()
11 SYSTEMPATH\Boot.php(67): CodeIgniter\Boot::runCodeIgniter(Object(CodeIgniter\CodeIgniter))
12 FCPATH\index.php(56): CodeIgniter\Boot::bootWeb(Object(Config\Paths))
CRITICAL - 2024-12-10 17:10:55 --> ErrorException: include_once(funcoes.php): Failed to open stream: No such file or directory
[Method: GET, Route: /]
in APPPATH\Views\templates\navbar.php on line 3.
 1 APPPATH\Views\templates\navbar.php(3): CodeIgniter\Debug\Exceptions->errorHandler(2, 'include_once(funcoes.php): Failed to open stream: No such file or directory', 'C:\\xampp\\htdocs\\projetointegrador-teste\\app\\Views\\templates\\navbar.php', 3)
 2 APPPATH\Views\templates\navbar.php(3): include_once()
 3 SYSTEMPATH\View\View.php(234): include('C:\\xampp\\htdocs\\projetointegrador-teste\\app\\Views\\templates\\navbar.php')
 4 SYSTEMPATH\View\View.php(237): CodeIgniter\View\View->CodeIgniter\View\{closure}()
 5 SYSTEMPATH\Common.php(1171): CodeIgniter\View\View->render('templates/navbar', [], true)
 6 APPPATH\Controllers\Main.php(12): view('templates/navbar')
 7 SYSTEMPATH\CodeIgniter.php(933): App\Controllers\Main->index()
 8 SYSTEMPATH\CodeIgniter.php(509): CodeIgniter\CodeIgniter->runController(Object(App\Controllers\Main))
 9 SYSTEMPATH\CodeIgniter.php(355): CodeIgniter\CodeIgniter->handleRequest(null, Object(Config\Cache), false)
10 SYSTEMPATH\Boot.php(325): CodeIgniter\CodeIgniter->run()
11 SYSTEMPATH\Boot.php(67): CodeIgniter\Boot::runCodeIgniter(Object(CodeIgniter\CodeIgniter))
12 FCPATH\index.php(56): CodeIgniter\Boot::bootWeb(Object(Config\Paths))
CRITICAL - 2024-12-10 17:10:55 --> ErrorException: include_once(funcoes.php): Failed to open stream: No such file or directory
[Method: GET, Route: /]
in APPPATH\Views\templates\navbar.php on line 3.
 1 APPPATH\Views\templates\navbar.php(3): CodeIgniter\Debug\Exceptions->errorHandler(2, 'include_once(funcoes.php): Failed to open stream: No such file or directory', 'C:\\xampp\\htdocs\\projetointegrador-teste\\app\\Views\\templates\\navbar.php', 3)
 2 APPPATH\Views\templates\navbar.php(3): include_once()
 3 SYSTEMPATH\View\View.php(234): include('C:\\xampp\\htdocs\\projetointegrador-teste\\app\\Views\\templates\\navbar.php')
 4 SYSTEMPATH\View\View.php(237): CodeIgniter\View\View->CodeIgniter\View\{closure}()
 5 SYSTEMPATH\Common.php(1171): CodeIgniter\View\View->render('templates/navbar', [], true)
 6 APPPATH\Controllers\Main.php(12): view('templates/navbar')
 7 SYSTEMPATH\CodeIgniter.php(933): App\Controllers\Main->index()
 8 SYSTEMPATH\CodeIgniter.php(509): CodeIgniter\CodeIgniter->runController(Object(App\Controllers\Main))
 9 SYSTEMPATH\CodeIgniter.php(355): CodeIgniter\CodeIgniter->handleRequest(null, Object(Config\Cache), false)
10 SYSTEMPATH\Boot.php(325): CodeIgniter\CodeIgniter->run()
11 SYSTEMPATH\Boot.php(67): CodeIgniter\Boot::runCodeIgniter(Object(CodeIgniter\CodeIgniter))
12 FCPATH\index.php(56): CodeIgniter\Boot::bootWeb(Object(Config\Paths))
CRITICAL - 2024-12-10 17:10:55 --> ErrorException: include_once(funcoes.php): Failed to open stream: No such file or directory
[Method: GET, Route: /]
in APPPATH\Views\templates\navbar.php on line 3.
 1 APPPATH\Views\templates\navbar.php(3): CodeIgniter\Debug\Exceptions->errorHandler(2, 'include_once(funcoes.php): Failed to open stream: No such file or directory', 'C:\\xampp\\htdocs\\projetointegrador-teste\\app\\Views\\templates\\navbar.php', 3)
 2 APPPATH\Views\templates\navbar.php(3): include_once()
 3 SYSTEMPATH\View\View.php(234): include('C:\\xampp\\htdocs\\projetointegrador-teste\\app\\Views\\templates\\navbar.php')
 4 SYSTEMPATH\View\View.php(237): CodeIgniter\View\View->CodeIgniter\View\{closure}()
 5 SYSTEMPATH\Common.php(1171): CodeIgniter\View\View->render('templates/navbar', [], true)
 6 APPPATH\Controllers\Main.php(12): view('templates/navbar')
 7 SYSTEMPATH\CodeIgniter.php(933): App\Controllers\Main->index()
 8 SYSTEMPATH\CodeIgniter.php(509): CodeIgniter\CodeIgniter->runController(Object(App\Controllers\Main))
 9 SYSTEMPATH\CodeIgniter.php(355): CodeIgniter\CodeIgniter->handleRequest(null, Object(Config\Cache), false)
10 SYSTEMPATH\Boot.php(325): CodeIgniter\CodeIgniter->run()
11 SYSTEMPATH\Boot.php(67): CodeIgniter\Boot::runCodeIgniter(Object(CodeIgniter\CodeIgniter))
12 FCPATH\index.php(56): CodeIgniter\Boot::bootWeb(Object(Config\Paths))
CRITICAL - 2024-12-10 17:24:11 --> CodeIgniter\View\Exceptions\ViewException: Invalid file: "/.php"
[Method: GET, Route: /]
in SYSTEMPATH\Exceptions\FrameworkException.php on line 41.
 1 SYSTEMPATH\View\View.php(222): CodeIgniter\Exceptions\FrameworkException::forInvalidFile('/.php')
 2 SYSTEMPATH\Common.php(1171): CodeIgniter\View\View->render('/', [], true)
 3 APPPATH\Controllers\Main.php(13): view('/')
 4 SYSTEMPATH\CodeIgniter.php(933): App\Controllers\Main->index()
 5 SYSTEMPATH\CodeIgniter.php(509): CodeIgniter\CodeIgniter->runController(Object(App\Controllers\Main))
 6 SYSTEMPATH\CodeIgniter.php(355): CodeIgniter\CodeIgniter->handleRequest(null, Object(Config\Cache), false)
 7 SYSTEMPATH\Boot.php(325): CodeIgniter\CodeIgniter->run()
 8 SYSTEMPATH\Boot.php(67): CodeIgniter\Boot::runCodeIgniter(Object(CodeIgniter\CodeIgniter))
 9 FCPATH\index.php(56): CodeIgniter\Boot::bootWeb(Object(Config\Paths))
